[0.161s] DEBUG:colcon:Command line arguments: ['/usr/bin/colcon', 'list', '--base-paths', 'ros2_ws/src']
[0.161s] DEBUG:colcon:Parsed command line arguments: Namespace(log_base=None, log_level=None, verb_name='list', build_base='build', ignore_user_meta=False, metas=['./colcon.meta'], base_paths=['ros2_ws/src'], packages_ignore=None, packages_ignore_regex=None, paths=None, packages_up_to=None, packages_up_to_regex=None, packages_above=None, packages_above_and_dependencies=None, packages_above_depth=None, packages_select_by_dep=None, packages_skip_by_dep=None, packages_skip_up_to=None, packages_select_build_failed=False, packages_skip_build_finished=False, packages_select_test_failures=False, packages_skip_test_passed=False, packages_select=None, packages_skip=None, packages_select_regex=None, packages_skip_regex=None, packages_start=None, packages_end=None, allow_overriding=[], topological_order=False, names_only=False, paths_only=False, topological_graph=False, topological_graph_dot=False, topological_graph_density=False, topological_graph_legend=False, topological_graph_dot_cluster=False, topological_graph_dot_include_skipped=False, verb_parser=<colcon_defaults.argument_parser.defaults.DefaultArgumentsDecorator object at 0xffffa4bfe350>, verb_extension=<colcon_package_information.verb.list.ListVerb object at 0xffffa4dee020>, main=<bound method ListVerb.main of <colcon_package_information.verb.list.ListVerb object at 0xffffa4dee020>>)
[0.242s] Level 1:colcon.colcon_core.package_discovery:discover_packages(colcon_meta) check parameters
[0.242s] Level 1:colcon.colcon_core.package_discovery:discover_packages(recursive) check parameters
[0.242s] Level 1:colcon.colcon_core.package_discovery:discover_packages(ignore) check parameters
[0.242s] Level 1:colcon.colcon_core.package_discovery:discover_packages(path) check parameters
[0.242s] Level 1:colcon.colcon_core.package_discovery:discover_packages(recursive) discover
[0.242s] INFO:colcon.colcon_core.package_discovery:Crawling recursively for packages in '/home/sunrise/mid360_nav_project/ros2_ws/src'
[0.242s] Level 1:colcon.colcon_core.package_identification:_identify(ros2_ws/src) by extensions ['ignore', 'ignore_ament_install']
[0.243s] Level 1:colcon.colcon_core.package_identification:_identify(ros2_ws/src) by extension 'ignore'
[0.243s] Level 1:colcon.colcon_core.package_identification:_identify(ros2_ws/src) by extension 'ignore_ament_install'
[0.243s] Level 1:colcon.colcon_core.package_identification:_identify(ros2_ws/src) by extensions ['colcon_pkg']
[0.243s] Level 1:colcon.colcon_core.package_identification:_identify(ros2_ws/src) by extension 'colcon_pkg'
[0.243s] Level 1:colcon.colcon_core.package_identification:_identify(ros2_ws/src) by extensions ['colcon_meta']
[0.243s] Level 1:colcon.colcon_core.package_identification:_identify(ros2_ws/src) by extension 'colcon_meta'
[0.243s] Level 1:colcon.colcon_core.package_identification:_identify(ros2_ws/src) by extensions ['ros']
[0.243s] Level 1:colcon.colcon_core.package_identification:_identify(ros2_ws/src) by extension 'ros'
[0.270s] Level 1:colcon.colcon_core.package_identification:_identify(ros2_ws/src) by extensions ['cmake', 'python']
[0.270s] Level 1:colcon.colcon_core.package_identification:_identify(ros2_ws/src) by extension 'cmake'
[0.270s] Level 1:colcon.colcon_core.package_identification:_identify(ros2_ws/src) by extension 'python'
[0.271s] Level 1:colcon.colcon_core.package_identification:_identify(ros2_ws/src) by extensions ['python_setup_py']
[0.271s] Level 1:colcon.colcon_core.package_identification:_identify(ros2_ws/src) by extension 'python_setup_py'
[0.271s] Level 1:colcon.colcon_core.package_identification:_identify(ros2_ws/src/robot_nav617) by extensions ['ignore', 'ignore_ament_install']
[0.271s] Level 1:colcon.colcon_core.package_identification:_identify(ros2_ws/src/robot_nav617) by extension 'ignore'
[0.271s] Level 1:colcon.colcon_core.package_identification:_identify(ros2_ws/src/robot_nav617) by extension 'ignore_ament_install'
[0.272s] Level 1:colcon.colcon_core.package_identification:_identify(ros2_ws/src/robot_nav617) by extensions ['colcon_pkg']
[0.272s] Level 1:colcon.colcon_core.package_identification:_identify(ros2_ws/src/robot_nav617) by extension 'colcon_pkg'
[0.272s] Level 1:colcon.colcon_core.package_identification:_identify(ros2_ws/src/robot_nav617) by extensions ['colcon_meta']
[0.272s] Level 1:colcon.colcon_core.package_identification:_identify(ros2_ws/src/robot_nav617) by extension 'colcon_meta'
[0.272s] Level 1:colcon.colcon_core.package_identification:_identify(ros2_ws/src/robot_nav617) by extensions ['ros']
[0.272s] Level 1:colcon.colcon_core.package_identification:_identify(ros2_ws/src/robot_nav617) by extension 'ros'
[0.272s] Level 1:colcon.colcon_core.package_identification:_identify(ros2_ws/src/robot_nav617) by extensions ['cmake', 'python']
[0.272s] Level 1:colcon.colcon_core.package_identification:_identify(ros2_ws/src/robot_nav617) by extension 'cmake'
[0.272s] Level 1:colcon.colcon_core.package_identification:_identify(ros2_ws/src/robot_nav617) by extension 'python'
[0.272s] Level 1:colcon.colcon_core.package_identification:_identify(ros2_ws/src/robot_nav617) by extensions ['python_setup_py']
[0.272s] Level 1:colcon.colcon_core.package_identification:_identify(ros2_ws/src/robot_nav617) by extension 'python_setup_py'
[0.273s] Level 1:colcon.colcon_core.package_identification:_identify(ros2_ws/src/robot_nav617/behavior_tree) by extensions ['ignore', 'ignore_ament_install']
[0.273s] Level 1:colcon.colcon_core.package_identification:_identify(ros2_ws/src/robot_nav617/behavior_tree) by extension 'ignore'
[0.273s] Level 1:colcon.colcon_core.package_identification:_identify(ros2_ws/src/robot_nav617/behavior_tree) by extension 'ignore_ament_install'
[0.273s] Level 1:colcon.colcon_core.package_identification:_identify(ros2_ws/src/robot_nav617/behavior_tree) by extensions ['colcon_pkg']
[0.273s] Level 1:colcon.colcon_core.package_identification:_identify(ros2_ws/src/robot_nav617/behavior_tree) by extension 'colcon_pkg'
[0.273s] Level 1:colcon.colcon_core.package_identification:_identify(ros2_ws/src/robot_nav617/behavior_tree) by extensions ['colcon_meta']
[0.273s] Level 1:colcon.colcon_core.package_identification:_identify(ros2_ws/src/robot_nav617/behavior_tree) by extension 'colcon_meta'
[0.273s] Level 1:colcon.colcon_core.package_identification:_identify(ros2_ws/src/robot_nav617/behavior_tree) by extensions ['ros']
[0.273s] Level 1:colcon.colcon_core.package_identification:_identify(ros2_ws/src/robot_nav617/behavior_tree) by extension 'ros'
[0.273s] Level 1:colcon.colcon_core.package_identification:_identify(ros2_ws/src/robot_nav617/behavior_tree) by extensions ['cmake', 'python']
[0.274s] Level 1:colcon.colcon_core.package_identification:_identify(ros2_ws/src/robot_nav617/behavior_tree) by extension 'cmake'
[0.274s] Level 1:colcon.colcon_core.package_identification:_identify(ros2_ws/src/robot_nav617/behavior_tree) by extension 'python'
[0.274s] Level 1:colcon.colcon_core.package_identification:_identify(ros2_ws/src/robot_nav617/behavior_tree) by extensions ['python_setup_py']
[0.274s] Level 1:colcon.colcon_core.package_identification:_identify(ros2_ws/src/robot_nav617/behavior_tree) by extension 'python_setup_py'
[0.274s] Level 1:colcon.colcon_core.package_identification:_identify(ros2_ws/src/robot_nav617/bringup) by extensions ['ignore', 'ignore_ament_install']
[0.274s] Level 1:colcon.colcon_core.package_identification:_identify(ros2_ws/src/robot_nav617/bringup) by extension 'ignore'
[0.274s] Level 1:colcon.colcon_core.package_identification:_identify(ros2_ws/src/robot_nav617/bringup) by extension 'ignore_ament_install'
[0.274s] Level 1:colcon.colcon_core.package_identification:_identify(ros2_ws/src/robot_nav617/bringup) by extensions ['colcon_pkg']
[0.274s] Level 1:colcon.colcon_core.package_identification:_identify(ros2_ws/src/robot_nav617/bringup) by extension 'colcon_pkg'
[0.274s] Level 1:colcon.colcon_core.package_identification:_identify(ros2_ws/src/robot_nav617/bringup) by extensions ['colcon_meta']
[0.274s] Level 1:colcon.colcon_core.package_identification:_identify(ros2_ws/src/robot_nav617/bringup) by extension 'colcon_meta'
[0.275s] Level 1:colcon.colcon_core.package_identification:_identify(ros2_ws/src/robot_nav617/bringup) by extensions ['ros']
[0.275s] Level 1:colcon.colcon_core.package_identification:_identify(ros2_ws/src/robot_nav617/bringup) by extension 'ros'
[0.275s] Level 1:colcon.colcon_core.package_identification:_identify(ros2_ws/src/robot_nav617/bringup) by extensions ['cmake', 'python']
[0.275s] Level 1:colcon.colcon_core.package_identification:_identify(ros2_ws/src/robot_nav617/bringup) by extension 'cmake'
[0.275s] Level 1:colcon.colcon_core.package_identification:_identify(ros2_ws/src/robot_nav617/bringup) by extension 'python'
[0.275s] Level 1:colcon.colcon_core.package_identification:_identify(ros2_ws/src/robot_nav617/bringup) by extensions ['python_setup_py']
[0.275s] Level 1:colcon.colcon_core.package_identification:_identify(ros2_ws/src/robot_nav617/bringup) by extension 'python_setup_py'
[0.276s] Level 1:colcon.colcon_core.package_identification:_identify(ros2_ws/src/robot_nav617/bringup/mid360_nav_bringup) by extensions ['ignore', 'ignore_ament_install']
[0.276s] Level 1:colcon.colcon_core.package_identification:_identify(ros2_ws/src/robot_nav617/bringup/mid360_nav_bringup) by extension 'ignore'
[0.276s] Level 1:colcon.colcon_core.package_identification:_identify(ros2_ws/src/robot_nav617/bringup/mid360_nav_bringup) by extension 'ignore_ament_install'
[0.276s] Level 1:colcon.colcon_core.package_identification:_identify(ros2_ws/src/robot_nav617/bringup/mid360_nav_bringup) by extensions ['colcon_pkg']
[0.276s] Level 1:colcon.colcon_core.package_identification:_identify(ros2_ws/src/robot_nav617/bringup/mid360_nav_bringup) by extension 'colcon_pkg'
[0.276s] Level 1:colcon.colcon_core.package_identification:_identify(ros2_ws/src/robot_nav617/bringup/mid360_nav_bringup) by extensions ['colcon_meta']
[0.276s] Level 1:colcon.colcon_core.package_identification:_identify(ros2_ws/src/robot_nav617/bringup/mid360_nav_bringup) by extension 'colcon_meta'
[0.276s] Level 1:colcon.colcon_core.package_identification:_identify(ros2_ws/src/robot_nav617/bringup/mid360_nav_bringup) by extensions ['ros']
[0.276s] Level 1:colcon.colcon_core.package_identification:_identify(ros2_ws/src/robot_nav617/bringup/mid360_nav_bringup) by extension 'ros'
[0.281s] DEBUG:colcon.colcon_core.package_identification:Package 'ros2_ws/src/robot_nav617/bringup/mid360_nav_bringup' with type 'ros.ament_cmake' and name 'mid360_nav_bringup'
[0.281s] Level 1:colcon.colcon_core.package_identification:_identify(ros2_ws/src/robot_nav617/config) by extensions ['ignore', 'ignore_ament_install']
[0.282s] Level 1:colcon.colcon_core.package_identification:_identify(ros2_ws/src/robot_nav617/config) by extension 'ignore'
[0.282s] Level 1:colcon.colcon_core.package_identification:_identify(ros2_ws/src/robot_nav617/config) by extension 'ignore_ament_install'
[0.282s] Level 1:colcon.colcon_core.package_identification:_identify(ros2_ws/src/robot_nav617/config) by extensions ['colcon_pkg']
[0.282s] Level 1:colcon.colcon_core.package_identification:_identify(ros2_ws/src/robot_nav617/config) by extension 'colcon_pkg'
[0.282s] Level 1:colcon.colcon_core.package_identification:_identify(ros2_ws/src/robot_nav617/config) by extensions ['colcon_meta']
[0.282s] Level 1:colcon.colcon_core.package_identification:_identify(ros2_ws/src/robot_nav617/config) by extension 'colcon_meta'
[0.283s] Level 1:colcon.colcon_core.package_identification:_identify(ros2_ws/src/robot_nav617/config) by extensions ['ros']
[0.283s] Level 1:colcon.colcon_core.package_identification:_identify(ros2_ws/src/robot_nav617/config) by extension 'ros'
[0.283s] Level 1:colcon.colcon_core.package_identification:_identify(ros2_ws/src/robot_nav617/config) by extensions ['cmake', 'python']
[0.283s] Level 1:colcon.colcon_core.package_identification:_identify(ros2_ws/src/robot_nav617/config) by extension 'cmake'
[0.283s] Level 1:colcon.colcon_core.package_identification:_identify(ros2_ws/src/robot_nav617/config) by extension 'python'
[0.283s] Level 1:colcon.colcon_core.package_identification:_identify(ros2_ws/src/robot_nav617/config) by extensions ['python_setup_py']
[0.283s] Level 1:colcon.colcon_core.package_identification:_identify(ros2_ws/src/robot_nav617/config) by extension 'python_setup_py'
[0.283s] Level 1:colcon.colcon_core.package_identification:_identify(ros2_ws/src/robot_nav617/control) by extensions ['ignore', 'ignore_ament_install']
[0.284s] Level 1:colcon.colcon_core.package_identification:_identify(ros2_ws/src/robot_nav617/control) by extension 'ignore'
[0.284s] Level 1:colcon.colcon_core.package_identification:_identify(ros2_ws/src/robot_nav617/control) by extension 'ignore_ament_install'
[0.284s] Level 1:colcon.colcon_core.package_identification:_identify(ros2_ws/src/robot_nav617/control) by extensions ['colcon_pkg']
[0.284s] Level 1:colcon.colcon_core.package_identification:_identify(ros2_ws/src/robot_nav617/control) by extension 'colcon_pkg'
[0.284s] Level 1:colcon.colcon_core.package_identification:_identify(ros2_ws/src/robot_nav617/control) by extensions ['colcon_meta']
[0.284s] Level 1:colcon.colcon_core.package_identification:_identify(ros2_ws/src/robot_nav617/control) by extension 'colcon_meta'
[0.284s] Level 1:colcon.colcon_core.package_identification:_identify(ros2_ws/src/robot_nav617/control) by extensions ['ros']
[0.284s] Level 1:colcon.colcon_core.package_identification:_identify(ros2_ws/src/robot_nav617/control) by extension 'ros'
[0.284s] Level 1:colcon.colcon_core.package_identification:_identify(ros2_ws/src/robot_nav617/control) by extensions ['cmake', 'python']
[0.284s] Level 1:colcon.colcon_core.package_identification:_identify(ros2_ws/src/robot_nav617/control) by extension 'cmake'
[0.284s] Level 1:colcon.colcon_core.package_identification:_identify(ros2_ws/src/robot_nav617/control) by extension 'python'
[0.284s] Level 1:colcon.colcon_core.package_identification:_identify(ros2_ws/src/robot_nav617/control) by extensions ['python_setup_py']
[0.284s] Level 1:colcon.colcon_core.package_identification:_identify(ros2_ws/src/robot_nav617/control) by extension 'python_setup_py'
[0.285s] Level 1:colcon.colcon_core.package_identification:_identify(ros2_ws/src/robot_nav617/control/base_bridge) by extensions ['ignore', 'ignore_ament_install']
[0.285s] Level 1:colcon.colcon_core.package_identification:_identify(ros2_ws/src/robot_nav617/control/base_bridge) by extension 'ignore'
[0.285s] Level 1:colcon.colcon_core.package_identification:_identify(ros2_ws/src/robot_nav617/control/base_bridge) by extension 'ignore_ament_install'
[0.285s] Level 1:colcon.colcon_core.package_identification:_identify(ros2_ws/src/robot_nav617/control/base_bridge) by extensions ['colcon_pkg']
[0.285s] Level 1:colcon.colcon_core.package_identification:_identify(ros2_ws/src/robot_nav617/control/base_bridge) by extension 'colcon_pkg'
[0.285s] Level 1:colcon.colcon_core.package_identification:_identify(ros2_ws/src/robot_nav617/control/base_bridge) by extensions ['colcon_meta']
[0.285s] Level 1:colcon.colcon_core.package_identification:_identify(ros2_ws/src/robot_nav617/control/base_bridge) by extension 'colcon_meta'
[0.285s] Level 1:colcon.colcon_core.package_identification:_identify(ros2_ws/src/robot_nav617/control/base_bridge) by extensions ['ros']
[0.285s] Level 1:colcon.colcon_core.package_identification:_identify(ros2_ws/src/robot_nav617/control/base_bridge) by extension 'ros'
[0.286s] Level 1:colcon.colcon_core.package_identification:_identify(ros2_ws/src/robot_nav617/control/base_bridge) by extensions ['cmake', 'python']
[0.286s] Level 1:colcon.colcon_core.package_identification:_identify(ros2_ws/src/robot_nav617/control/base_bridge) by extension 'cmake'
[0.286s] Level 1:colcon.colcon_core.package_identification:_identify(ros2_ws/src/robot_nav617/control/base_bridge) by extension 'python'
[0.286s] Level 1:colcon.colcon_core.package_identification:_identify(ros2_ws/src/robot_nav617/control/base_bridge) by extensions ['python_setup_py']
[0.286s] Level 1:colcon.colcon_core.package_identification:_identify(ros2_ws/src/robot_nav617/control/base_bridge) by extension 'python_setup_py'
[0.286s] Level 1:colcon.colcon_core.package_identification:_identify(ros2_ws/src/robot_nav617/control/base_bridge/d1_base_bridge) by extensions ['ignore', 'ignore_ament_install']
[0.286s] Level 1:colcon.colcon_core.package_identification:_identify(ros2_ws/src/robot_nav617/control/base_bridge/d1_base_bridge) by extension 'ignore'
[0.286s] Level 1:colcon.colcon_core.package_identification:_identify(ros2_ws/src/robot_nav617/control/base_bridge/d1_base_bridge) by extension 'ignore_ament_install'
[0.286s] Level 1:colcon.colcon_core.package_identification:_identify(ros2_ws/src/robot_nav617/control/base_bridge/d1_base_bridge) by extensions ['colcon_pkg']
[0.286s] Level 1:colcon.colcon_core.package_identification:_identify(ros2_ws/src/robot_nav617/control/base_bridge/d1_base_bridge) by extension 'colcon_pkg'
[0.286s] Level 1:colcon.colcon_core.package_identification:_identify(ros2_ws/src/robot_nav617/control/base_bridge/d1_base_bridge) by extensions ['colcon_meta']
[0.286s] Level 1:colcon.colcon_core.package_identification:_identify(ros2_ws/src/robot_nav617/control/base_bridge/d1_base_bridge) by extension 'colcon_meta'
[0.287s] Level 1:colcon.colcon_core.package_identification:_identify(ros2_ws/src/robot_nav617/control/base_bridge/d1_base_bridge) by extensions ['ros']
[0.287s] Level 1:colcon.colcon_core.package_identification:_identify(ros2_ws/src/robot_nav617/control/base_bridge/d1_base_bridge) by extension 'ros'
[0.288s] DEBUG:colcon.colcon_core.package_identification:Package 'ros2_ws/src/robot_nav617/control/base_bridge/d1_base_bridge' with type 'ros.ament_python' and name 'd1_base_bridge'
[0.288s] Level 1:colcon.colcon_core.package_identification:_identify(ros2_ws/src/robot_nav617/launch) by extensions ['ignore', 'ignore_ament_install']
[0.289s] Level 1:colcon.colcon_core.package_identification:_identify(ros2_ws/src/robot_nav617/launch) by extension 'ignore'
[0.289s] Level 1:colcon.colcon_core.package_identification:_identify(ros2_ws/src/robot_nav617/launch) by extension 'ignore_ament_install'
[0.289s] Level 1:colcon.colcon_core.package_identification:_identify(ros2_ws/src/robot_nav617/launch) by extensions ['colcon_pkg']
[0.289s] Level 1:colcon.colcon_core.package_identification:_identify(ros2_ws/src/robot_nav617/launch) by extension 'colcon_pkg'
[0.289s] Level 1:colcon.colcon_core.package_identification:_identify(ros2_ws/src/robot_nav617/launch) by extensions ['colcon_meta']
[0.289s] Level 1:colcon.colcon_core.package_identification:_identify(ros2_ws/src/robot_nav617/launch) by extension 'colcon_meta'
[0.289s] Level 1:colcon.colcon_core.package_identification:_identify(ros2_ws/src/robot_nav617/launch) by extensions ['ros']
[0.289s] Level 1:colcon.colcon_core.package_identification:_identify(ros2_ws/src/robot_nav617/launch) by extension 'ros'
[0.290s] Level 1:colcon.colcon_core.package_identification:_identify(ros2_ws/src/robot_nav617/launch) by extensions ['cmake', 'python']
[0.290s] Level 1:colcon.colcon_core.package_identification:_identify(ros2_ws/src/robot_nav617/launch) by extension 'cmake'
[0.290s] Level 1:colcon.colcon_core.package_identification:_identify(ros2_ws/src/robot_nav617/launch) by extension 'python'
[0.290s] Level 1:colcon.colcon_core.package_identification:_identify(ros2_ws/src/robot_nav617/launch) by extensions ['python_setup_py']
[0.290s] Level 1:colcon.colcon_core.package_identification:_identify(ros2_ws/src/robot_nav617/launch) by extension 'python_setup_py'
[0.290s] Level 1:colcon.colcon_core.package_identification:_identify(ros2_ws/src/robot_nav617/navigation) by extensions ['ignore', 'ignore_ament_install']
[0.290s] Level 1:colcon.colcon_core.package_identification:_identify(ros2_ws/src/robot_nav617/navigation) by extension 'ignore'
[0.290s] Level 1:colcon.colcon_core.package_identification:_identify(ros2_ws/src/robot_nav617/navigation) by extension 'ignore_ament_install'
[0.290s] Level 1:colcon.colcon_core.package_identification:_identify(ros2_ws/src/robot_nav617/navigation) by extensions ['colcon_pkg']
[0.291s] Level 1:colcon.colcon_core.package_identification:_identify(ros2_ws/src/robot_nav617/navigation) by extension 'colcon_pkg'
[0.291s] Level 1:colcon.colcon_core.package_identification:_identify(ros2_ws/src/robot_nav617/navigation) by extensions ['colcon_meta']
[0.291s] Level 1:colcon.colcon_core.package_identification:_identify(ros2_ws/src/robot_nav617/navigation) by extension 'colcon_meta'
[0.291s] Level 1:colcon.colcon_core.package_identification:_identify(ros2_ws/src/robot_nav617/navigation) by extensions ['ros']
[0.291s] Level 1:colcon.colcon_core.package_identification:_identify(ros2_ws/src/robot_nav617/navigation) by extension 'ros'
[0.292s] DEBUG:colcon.colcon_core.package_identification:Package 'ros2_ws/src/robot_nav617/navigation' with type 'ros.ament_cmake' and name 'robot_nav617_navigation'
[0.292s] Level 1:colcon.colcon_core.package_identification:_identify(ros2_ws/src/robot_nav617/perception) by extensions ['ignore', 'ignore_ament_install']
[0.292s] Level 1:colcon.colcon_core.package_identification:_identify(ros2_ws/src/robot_nav617/perception) by extension 'ignore'
[0.292s] Level 1:colcon.colcon_core.package_identification:_identify(ros2_ws/src/robot_nav617/perception) by extension 'ignore_ament_install'
[0.292s] Level 1:colcon.colcon_core.package_identification:_identify(ros2_ws/src/robot_nav617/perception) by extensions ['colcon_pkg']
[0.292s] Level 1:colcon.colcon_core.package_identification:_identify(ros2_ws/src/robot_nav617/perception) by extension 'colcon_pkg'
[0.293s] Level 1:colcon.colcon_core.package_identification:_identify(ros2_ws/src/robot_nav617/perception) by extensions ['colcon_meta']
[0.293s] Level 1:colcon.colcon_core.package_identification:_identify(ros2_ws/src/robot_nav617/perception) by extension 'colcon_meta'
[0.293s] Level 1:colcon.colcon_core.package_identification:_identify(ros2_ws/src/robot_nav617/perception) by extensions ['ros']
[0.293s] Level 1:colcon.colcon_core.package_identification:_identify(ros2_ws/src/robot_nav617/perception) by extension 'ros'
[0.293s] Level 1:colcon.colcon_core.package_identification:_identify(ros2_ws/src/robot_nav617/perception) by extensions ['cmake', 'python']
[0.293s] Level 1:colcon.colcon_core.package_identification:_identify(ros2_ws/src/robot_nav617/perception) by extension 'cmake'
[0.293s] Level 1:colcon.colcon_core.package_identification:_identify(ros2_ws/src/robot_nav617/perception) by extension 'python'
[0.293s] Level 1:colcon.colcon_core.package_identification:_identify(ros2_ws/src/robot_nav617/perception) by extensions ['python_setup_py']
[0.293s] Level 1:colcon.colcon_core.package_identification:_identify(ros2_ws/src/robot_nav617/perception) by extension 'python_setup_py'
[0.293s] Level 1:colcon.colcon_core.package_identification:_identify(ros2_ws/src/robot_nav617/scripts) by extensions ['ignore', 'ignore_ament_install']
[0.293s] Level 1:colcon.colcon_core.package_identification:_identify(ros2_ws/src/robot_nav617/scripts) by extension 'ignore'
[0.294s] Level 1:colcon.colcon_core.package_identification:_identify(ros2_ws/src/robot_nav617/scripts) by extension 'ignore_ament_install'
[0.294s] Level 1:colcon.colcon_core.package_identification:_identify(ros2_ws/src/robot_nav617/scripts) by extensions ['colcon_pkg']
[0.294s] Level 1:colcon.colcon_core.package_identification:_identify(ros2_ws/src/robot_nav617/scripts) by extension 'colcon_pkg'
[0.294s] Level 1:colcon.colcon_core.package_identification:_identify(ros2_ws/src/robot_nav617/scripts) by extensions ['colcon_meta']
[0.294s] Level 1:colcon.colcon_core.package_identification:_identify(ros2_ws/src/robot_nav617/scripts) by extension 'colcon_meta'
[0.294s] Level 1:colcon.colcon_core.package_identification:_identify(ros2_ws/src/robot_nav617/scripts) by extensions ['ros']
[0.294s] Level 1:colcon.colcon_core.package_identification:_identify(ros2_ws/src/robot_nav617/scripts) by extension 'ros'
[0.294s] Level 1:colcon.colcon_core.package_identification:_identify(ros2_ws/src/robot_nav617/scripts) by extensions ['cmake', 'python']
[0.294s] Level 1:colcon.colcon_core.package_identification:_identify(ros2_ws/src/robot_nav617/scripts) by extension 'cmake'
[0.294s] Level 1:colcon.colcon_core.package_identification:_identify(ros2_ws/src/robot_nav617/scripts) by extension 'python'
[0.294s] Level 1:colcon.colcon_core.package_identification:_identify(ros2_ws/src/robot_nav617/scripts) by extensions ['python_setup_py']
[0.294s] Level 1:colcon.colcon_core.package_identification:_identify(ros2_ws/src/robot_nav617/scripts) by extension 'python_setup_py'
[0.295s] Level 1:colcon.colcon_core.package_identification:_identify(ros2_ws/src/robot_nav617/sensors) by extensions ['ignore', 'ignore_ament_install']
[0.295s] Level 1:colcon.colcon_core.package_identification:_identify(ros2_ws/src/robot_nav617/sensors) by extension 'ignore'
[0.295s] Level 1:colcon.colcon_core.package_identification:_identify(ros2_ws/src/robot_nav617/sensors) by extension 'ignore_ament_install'
[0.295s] Level 1:colcon.colcon_core.package_identification:_identify(ros2_ws/src/robot_nav617/sensors) by extensions ['colcon_pkg']
[0.295s] Level 1:colcon.colcon_core.package_identification:_identify(ros2_ws/src/robot_nav617/sensors) by extension 'colcon_pkg'
[0.296s] Level 1:colcon.colcon_core.package_identification:_identify(ros2_ws/src/robot_nav617/sensors) by extensions ['colcon_meta']
[0.296s] Level 1:colcon.colcon_core.package_identification:_identify(ros2_ws/src/robot_nav617/sensors) by extension 'colcon_meta'
[0.296s] Level 1:colcon.colcon_core.package_identification:_identify(ros2_ws/src/robot_nav617/sensors) by extensions ['ros']
[0.296s] Level 1:colcon.colcon_core.package_identification:_identify(ros2_ws/src/robot_nav617/sensors) by extension 'ros'
[0.296s] Level 1:colcon.colcon_core.package_identification:_identify(ros2_ws/src/robot_nav617/sensors) by extensions ['cmake', 'python']
[0.296s] Level 1:colcon.colcon_core.package_identification:_identify(ros2_ws/src/robot_nav617/sensors) by extension 'cmake'
[0.296s] Level 1:colcon.colcon_core.package_identification:_identify(ros2_ws/src/robot_nav617/sensors) by extension 'python'
[0.296s] Level 1:colcon.colcon_core.package_identification:_identify(ros2_ws/src/robot_nav617/sensors) by extensions ['python_setup_py']
[0.296s] Level 1:colcon.colcon_core.package_identification:_identify(ros2_ws/src/robot_nav617/sensors) by extension 'python_setup_py'
[0.296s] Level 1:colcon.colcon_core.package_identification:_identify(ros2_ws/src/robot_nav617/sensors/lidar) by extensions ['ignore', 'ignore_ament_install']
[0.296s] Level 1:colcon.colcon_core.package_identification:_identify(ros2_ws/src/robot_nav617/sensors/lidar) by extension 'ignore'
[0.297s] Level 1:colcon.colcon_core.package_identification:_identify(ros2_ws/src/robot_nav617/sensors/lidar) by extension 'ignore_ament_install'
[0.297s] Level 1:colcon.colcon_core.package_identification:_identify(ros2_ws/src/robot_nav617/sensors/lidar) by extensions ['colcon_pkg']
[0.297s] Level 1:colcon.colcon_core.package_identification:_identify(ros2_ws/src/robot_nav617/sensors/lidar) by extension 'colcon_pkg'
[0.297s] Level 1:colcon.colcon_core.package_identification:_identify(ros2_ws/src/robot_nav617/sensors/lidar) by extensions ['colcon_meta']
[0.297s] Level 1:colcon.colcon_core.package_identification:_identify(ros2_ws/src/robot_nav617/sensors/lidar) by extension 'colcon_meta'
[0.297s] Level 1:colcon.colcon_core.package_identification:_identify(ros2_ws/src/robot_nav617/sensors/lidar) by extensions ['ros']
[0.297s] Level 1:colcon.colcon_core.package_identification:_identify(ros2_ws/src/robot_nav617/sensors/lidar) by extension 'ros'
[0.297s] Level 1:colcon.colcon_core.package_identification:_identify(ros2_ws/src/robot_nav617/sensors/lidar) by extensions ['cmake', 'python']
[0.297s] Level 1:colcon.colcon_core.package_identification:_identify(ros2_ws/src/robot_nav617/sensors/lidar) by extension 'cmake'
[0.297s] Level 1:colcon.colcon_core.package_identification:_identify(ros2_ws/src/robot_nav617/sensors/lidar) by extension 'python'
[0.297s] Level 1:colcon.colcon_core.package_identification:_identify(ros2_ws/src/robot_nav617/sensors/lidar) by extensions ['python_setup_py']
[0.297s] Level 1:colcon.colcon_core.package_identification:_identify(ros2_ws/src/robot_nav617/sensors/lidar) by extension 'python_setup_py'
[0.298s] Level 1:colcon.colcon_core.package_identification:_identify(ros2_ws/src/robot_nav617/sensors/lidar/livox_interfaces) by extensions ['ignore', 'ignore_ament_install']
[0.298s] Level 1:colcon.colcon_core.package_identification:_identify(ros2_ws/src/robot_nav617/sensors/lidar/livox_interfaces) by extension 'ignore'
[0.298s] Level 1:colcon.colcon_core.package_identification:_identify(ros2_ws/src/robot_nav617/sensors/lidar/livox_interfaces) by extension 'ignore_ament_install'
[0.298s] Level 1:colcon.colcon_core.package_identification:_identify(ros2_ws/src/robot_nav617/sensors/lidar/livox_interfaces) by extensions ['colcon_pkg']
[0.298s] Level 1:colcon.colcon_core.package_identification:_identify(ros2_ws/src/robot_nav617/sensors/lidar/livox_interfaces) by extension 'colcon_pkg'
[0.298s] Level 1:colcon.colcon_core.package_identification:_identify(ros2_ws/src/robot_nav617/sensors/lidar/livox_interfaces) by extensions ['colcon_meta']
[0.298s] Level 1:colcon.colcon_core.package_identification:_identify(ros2_ws/src/robot_nav617/sensors/lidar/livox_interfaces) by extension 'colcon_meta'
[0.298s] Level 1:colcon.colcon_core.package_identification:_identify(ros2_ws/src/robot_nav617/sensors/lidar/livox_interfaces) by extensions ['ros']
[0.298s] Level 1:colcon.colcon_core.package_identification:_identify(ros2_ws/src/robot_nav617/sensors/lidar/livox_interfaces) by extension 'ros'
[0.299s] DEBUG:colcon.colcon_core.package_identification:Package 'ros2_ws/src/robot_nav617/sensors/lidar/livox_interfaces' with type 'ros.ament_cmake' and name 'livox_interfaces'
[0.300s] Level 1:colcon.colcon_core.package_identification:_identify(ros2_ws/src/robot_nav617/sensors/lidar/livox_ros_driver2) by extensions ['ignore', 'ignore_ament_install']
[0.300s] Level 1:colcon.colcon_core.package_identification:_identify(ros2_ws/src/robot_nav617/sensors/lidar/livox_ros_driver2) by extension 'ignore'
[0.300s] Level 1:colcon.colcon_core.package_identification:_identify(ros2_ws/src/robot_nav617/sensors/lidar/livox_ros_driver2) by extension 'ignore_ament_install'
[0.300s] Level 1:colcon.colcon_core.package_identification:_identify(ros2_ws/src/robot_nav617/sensors/lidar/livox_ros_driver2) by extensions ['colcon_pkg']
[0.300s] Level 1:colcon.colcon_core.package_identification:_identify(ros2_ws/src/robot_nav617/sensors/lidar/livox_ros_driver2) by extension 'colcon_pkg'
[0.300s] Level 1:colcon.colcon_core.package_identification:_identify(ros2_ws/src/robot_nav617/sensors/lidar/livox_ros_driver2) by extensions ['colcon_meta']
[0.300s] Level 1:colcon.colcon_core.package_identification:_identify(ros2_ws/src/robot_nav617/sensors/lidar/livox_ros_driver2) by extension 'colcon_meta'
[0.301s] Level 1:colcon.colcon_core.package_identification:_identify(ros2_ws/src/robot_nav617/sensors/lidar/livox_ros_driver2) by extensions ['ros']
[0.301s] Level 1:colcon.colcon_core.package_identification:_identify(ros2_ws/src/robot_nav617/sensors/lidar/livox_ros_driver2) by extension 'ros'
[0.303s] DEBUG:colcon.colcon_core.package_identification:Package 'ros2_ws/src/robot_nav617/sensors/lidar/livox_ros_driver2' with type 'ros.ament_cmake' and name 'livox_ros_driver2'
[0.303s] Level 1:colcon.colcon_core.package_identification:_identify(ros2_ws/src/robot_nav617/voice) by extensions ['ignore', 'ignore_ament_install']
[0.303s] Level 1:colcon.colcon_core.package_identification:_identify(ros2_ws/src/robot_nav617/voice) by extension 'ignore'
[0.303s] Level 1:colcon.colcon_core.package_identification:_identify(ros2_ws/src/robot_nav617/voice) by extension 'ignore_ament_install'
[0.304s] Level 1:colcon.colcon_core.package_identification:_identify(ros2_ws/src/robot_nav617/voice) by extensions ['colcon_pkg']
[0.304s] Level 1:colcon.colcon_core.package_identification:_identify(ros2_ws/src/robot_nav617/voice) by extension 'colcon_pkg'
[0.304s] Level 1:colcon.colcon_core.package_identification:_identify(ros2_ws/src/robot_nav617/voice) by extensions ['colcon_meta']
[0.304s] Level 1:colcon.colcon_core.package_identification:_identify(ros2_ws/src/robot_nav617/voice) by extension 'colcon_meta'
[0.304s] Level 1:colcon.colcon_core.package_identification:_identify(ros2_ws/src/robot_nav617/voice) by extensions ['ros']
[0.304s] Level 1:colcon.colcon_core.package_identification:_identify(ros2_ws/src/robot_nav617/voice) by extension 'ros'
[0.304s] Level 1:colcon.colcon_core.package_identification:_identify(ros2_ws/src/robot_nav617/voice) by extensions ['cmake', 'python']
[0.304s] Level 1:colcon.colcon_core.package_identification:_identify(ros2_ws/src/robot_nav617/voice) by extension 'cmake'
[0.304s] Level 1:colcon.colcon_core.package_identification:_identify(ros2_ws/src/robot_nav617/voice) by extension 'python'
[0.304s] Level 1:colcon.colcon_core.package_identification:_identify(ros2_ws/src/robot_nav617/voice) by extensions ['python_setup_py']
[0.304s] Level 1:colcon.colcon_core.package_identification:_identify(ros2_ws/src/robot_nav617/voice) by extension 'python_setup_py'
[0.304s] Level 1:colcon.colcon_core.package_discovery:discover_packages(recursive) using defaults
