running egg_info
writing ../../../../../build/d1_base_bridge/d1_base_bridge.egg-info/PKG-INFO
writing dependency_links to ../../../../../build/d1_base_bridge/d1_base_bridge.egg-info/dependency_links.txt
writing entry points to ../../../../../build/d1_base_bridge/d1_base_bridge.egg-info/entry_points.txt
writing requirements to ../../../../../build/d1_base_bridge/d1_base_bridge.egg-info/requires.txt
writing top-level names to ../../../../../build/d1_base_bridge/d1_base_bridge.egg-info/top_level.txt
reading manifest file '../../../../../build/d1_base_bridge/d1_base_bridge.egg-info/SOURCES.txt'
writing manifest file '../../../../../build/d1_base_bridge/d1_base_bridge.egg-info/SOURCES.txt'
running build
running build_py
copying d1_base_bridge/__init__.py -> /home/sunrise/mid360_nav_project/ros2_ws/build/d1_base_bridge/build/lib/d1_base_bridge
copying d1_base_bridge/d1_base_bridge_node.py -> /home/sunrise/mid360_nav_project/ros2_ws/build/d1_base_bridge/build/lib/d1_base_bridge
running install
running install_lib
running install_data
copying resource/d1_base_bridge -> /home/sunrise/mid360_nav_project/ros2_ws/install/d1_base_bridge/share/ament_index/resource_index/packages
copying package.xml -> /home/sunrise/mid360_nav_project/ros2_ws/install/d1_base_bridge/share/d1_base_bridge
copying launch/d1_base_bridge.launch.py -> /home/sunrise/mid360_nav_project/ros2_ws/install/d1_base_bridge/share/d1_base_bridge/launch
copying config/d1_base_bridge.yaml -> /home/sunrise/mid360_nav_project/ros2_ws/install/d1_base_bridge/share/d1_base_bridge/config
running install_egg_info
removing '/home/sunrise/mid360_nav_project/ros2_ws/install/d1_base_bridge/lib/python3.10/site-packages/d1_base_bridge-0.0.1-py3.10.egg-info' (and everything under it)
Copying ../../../../../build/d1_base_bridge/d1_base_bridge.egg-info to /home/sunrise/mid360_nav_project/ros2_ws/install/d1_base_bridge/lib/python3.10/site-packages/d1_base_bridge-0.0.1-py3.10.egg-info
running install_scripts
Installing d1_base_bridge script to /home/sunrise/mid360_nav_project/ros2_ws/install/d1_base_bridge/lib/d1_base_bridge
writing list of installed files to '/home/sunrise/mid360_nav_project/ros2_ws/build/d1_base_bridge/install.log'
