[1.559s] Invoking command in '/home/sunrise/mid360_nav_project/ros2_ws/src/robot_nav617/control/base_bridge/d1_base_bridge': PYTHONPATH=/home/sunrise/mid360_nav_project/ros2_ws/build/d1_base_bridge/prefix_override:/usr/lib/python3/dist-packages/colcon_core/task/python/colcon_distutils_commands:/home/sunrise/mid360_nav_project/ros2_ws/install/d1_base_bridge/lib/python3.10/site-packages:${PYTHONPATH} /usr/bin/python3 -W ignore:setup.py install is deprecated -W ignore:easy_install command is deprecated setup.py egg_info --egg-base ../../../../../build/d1_base_bridge build --build-base /home/sunrise/mid360_nav_project/ros2_ws/build/d1_base_bridge/build install --record /home/sunrise/mid360_nav_project/ros2_ws/build/d1_base_bridge/install.log --single-version-externally-managed install_data
[2.103s] running egg_info
[2.131s] writing ../../../../../build/d1_base_bridge/d1_base_bridge.egg-info/PKG-INFO
[2.132s] writing dependency_links to ../../../../../build/d1_base_bridge/d1_base_bridge.egg-info/dependency_links.txt
[2.133s] writing entry points to ../../../../../build/d1_base_bridge/d1_base_bridge.egg-info/entry_points.txt
[2.133s] writing requirements to ../../../../../build/d1_base_bridge/d1_base_bridge.egg-info/requires.txt
[2.133s] writing top-level names to ../../../../../build/d1_base_bridge/d1_base_bridge.egg-info/top_level.txt
[2.220s] reading manifest file '../../../../../build/d1_base_bridge/d1_base_bridge.egg-info/SOURCES.txt'
[2.223s] writing manifest file '../../../../../build/d1_base_bridge/d1_base_bridge.egg-info/SOURCES.txt'
[2.223s] running build
[2.223s] running build_py
[2.223s] copying d1_base_bridge/__init__.py -> /home/sunrise/mid360_nav_project/ros2_ws/build/d1_base_bridge/build/lib/d1_base_bridge
[2.224s] copying d1_base_bridge/d1_base_bridge_node.py -> /home/sunrise/mid360_nav_project/ros2_ws/build/d1_base_bridge/build/lib/d1_base_bridge
[2.225s] running install
[2.232s] running install_lib
[2.260s] running install_data
[2.261s] copying resource/d1_base_bridge -> /home/sunrise/mid360_nav_project/ros2_ws/install/d1_base_bridge/share/ament_index/resource_index/packages
[2.261s] copying package.xml -> /home/sunrise/mid360_nav_project/ros2_ws/install/d1_base_bridge/share/d1_base_bridge
[2.262s] copying launch/d1_base_bridge.launch.py -> /home/sunrise/mid360_nav_project/ros2_ws/install/d1_base_bridge/share/d1_base_bridge/launch
[2.262s] copying config/d1_base_bridge.yaml -> /home/sunrise/mid360_nav_project/ros2_ws/install/d1_base_bridge/share/d1_base_bridge/config
[2.263s] running install_egg_info
[2.293s] removing '/home/sunrise/mid360_nav_project/ros2_ws/install/d1_base_bridge/lib/python3.10/site-packages/d1_base_bridge-0.0.1-py3.10.egg-info' (and everything under it)
[2.294s] Copying ../../../../../build/d1_base_bridge/d1_base_bridge.egg-info to /home/sunrise/mid360_nav_project/ros2_ws/install/d1_base_bridge/lib/python3.10/site-packages/d1_base_bridge-0.0.1-py3.10.egg-info
[2.295s] running install_scripts
[2.354s] Installing d1_base_bridge script to /home/sunrise/mid360_nav_project/ros2_ws/install/d1_base_bridge/lib/d1_base_bridge
[2.354s] writing list of installed files to '/home/sunrise/mid360_nav_project/ros2_ws/build/d1_base_bridge/install.log'
